Found 7 test(s).
Creating test database for alias 'default'...

System check identified no issues (0 silenced).
[INFO] finance.signals: Created 15 default categories for user 1
[INFO] finance.signals: New user profile created: User 1 (testuser2) - is_first_access=True (onboarding enabled)
.[INFO] finance.signals: Created 15 default categories for user 1
[INFO] finance.signals: New user profile created: User 1 (testuser2) - is_first_access=True (onboarding enabled)
.[INFO] finance.signals: Created 15 default categories for user 1
[INFO] finance.signals: New user profile created: User 1 (testuser) - is_first_access=True (onboarding enabled)
.[INFO] finance.signals: Created 15 default categories for user 1
[INFO] finance.signals: New user profile created: User 1 (testuser) - is_first_access=True (onboarding enabled)
F[INFO] finance.signals: Created 15 default categories for user 1
[INFO] finance.signals: New user profile created: User 1 (factorytest) - is_first_access=True (onboarding enabled)
.[INFO] finance.signals: Created 15 default categories for user 1
[INFO] finance.signals: New user profile created: User 1 (factorytest) - is_first_access=True (onboarding enabled)
[WARNING] finance.mission_types.factory: Tipo de miss√ío desconhecido: UNKNOWN_TYPE, usando MultiCriteriaValidator
.[INFO] finance.signals: Created 15 default categories for user 1
[INFO] finance.signals: New user profile created: User 1 (testuser4) - is_first_access=True (onboarding enabled)
.
======================================================================
FAIL: test_reduction_not_achieved (finance.tests.test_new_validators.CategoryReductionValidatorTest)
----------------------------------------------------------------------
Traceback (most recent call last):
  File "C:\Users\marco\Arq\TCC\Api\finance\tests\test_new_validators.py", line 126, in test_reduction_not_achieved
    self.assertFalse(result['is_completed'])
AssertionError: True is not false

----------------------------------------------------------------------
Ran 7 tests in 1.198s

FAILED (failures=1)
Destroying test database for alias 'default'...

